Start testing: Sep 18 02:19 中国标准时间
----------------------------------------------------------
1/1 Testing: GemmCorrectnessTest
1/1 Test: GemmCorrectnessTest
Command: "D:/AI/study/CPU GEMM/cpu-gemm/build_gcc_check/test_gemm.exe"
Directory: D:/AI/study/CPU GEMM/cpu-gemm/build_gcc_check
"GemmCorrectnessTest" start time: Sep 18 02:19 中国标准时间
Output:
----------------------------------------------------------
[PASS] Case 1: N=1 Scalar Multiplication
[PASS] Case 2: All-ones Matrix (N=4)
[PASS] Case 3: Identity Matrix (A * I = A)
[PASS] Case 4: N=2 Hand-calculated Matrix
[PASS] Case 5: Fixed Random Matrix (N=8)
[PASS] Case 6: Element-wise Reference Verification (Max Diff: 0)
[PASS] Case 6: Element-wise Reference Verification (Max Diff: 0)
[PASS] Case 6: Element-wise Reference Verification (Max Diff: 0)
[PASS] Case 6: Element-wise Reference Verification (Max Diff: 0)
[PASS] Case 6: Element-wise Reference Verification (Max Diff: 0)
[PASS] Case 6: Element-wise Reference Verification (Max Diff: 0)
[PASS] Case 6: Element-wise Reference Verification (Max Diff: 0)
[PASS] Case 6: Element-wise Reference Verification (Max Diff: 0)
[PASS] Case 6: Element-wise Reference Verification (Max Diff: 0)
[PASS] Case 6: Element-wise Reference Verification (Max Diff: 0)
[PASS] Case 6: Element-wise Reference Verification (Max Diff: 0)
[PASS] Case 6: Element-wise Reference Verification (Max Diff: 0)
[PASS] Case 6: Element-wise Reference Verification (Max Diff: 3.8147e-06)
[PASS] Case 6: Element-wise Reference Verification (Max Diff: 3.8147e-06)
[PASS] Case 6: Element-wise Reference Verification (Max Diff: 3.8147e-06)
[PASS] Case 6: Element-wise Reference Verification (Max Diff: 0)
[PASS] Case 6: Element-wise Reference Verification (Max Diff: 5.72205e-06)
[PASS] Case 6: Element-wise Reference Verification (Max Diff: 5.72205e-06)
[PASS] Case 6: Element-wise Reference Verification (Max Diff: 5.72205e-06)
[PASS] Case 6: Element-wise Reference Verification (Max Diff: 0)
[PASS] Case 6: Element-wise Reference Verification (Max Diff: 8.58307e-06)
[PASS] Case 6: Element-wise Reference Verification (Max Diff: 8.58307e-06)
[PASS] Case 6: Element-wise Reference Verification (Max Diff: 8.58307e-06)
[PASS] Case 6: Element-wise Reference Verification (Max Diff: 0)
[PASS] Case 6: Element-wise Reference Verification (Max Diff: 6.67572e-06)
[PASS] Case 6: Element-wise Reference Verification (Max Diff: 6.67572e-06)
[PASS] Case 6: Element-wise Reference Verification (Max Diff: 6.67572e-06)
[PASS] Case 6: Element-wise Reference Verification (Max Diff: 9.53674e-07)
[PASS] Case 6: Element-wise Reference Verification (Max Diff: 6.67572e-06)
[PASS] Case 6: Element-wise Reference Verification (Max Diff: 6.67572e-06)
[PASS] Case 6: Element-wise Reference Verification (Max Diff: 6.67572e-06)
[PASS] Case 6: Element-wise Reference Verification (Max Diff: 6.67572e-06)
[PASS] Case 6: Element-wise Reference Verification (Max Diff: 6.67572e-06)
[PASS] Case 6: Element-wise Reference Verification (Max Diff: 6.67572e-06)
[PASS] Case 6: Element-wise Reference Verification (Max Diff: 9.53674e-07)
[PASS] Case 6: Element-wise Reference Verification (Max Diff: 9.53674e-07)
[PASS] Case 6: Element-wise Reference Verification (Max Diff: 9.53674e-07)
[PASS] Case 6: Element-wise Reference Verification (Max Diff: 6.67572e-06)
[PASS] Case 6: Element-wise Reference Verification (Max Diff: 6.67572e-06)
[PASS] Case 6: Element-wise Reference Verification (Max Diff: 6.67572e-06)
[PASS] Case 6: Element-wise Reference Verification (Max Diff: 6.67572e-06)
[PASS] Case 6: Element-wise Reference Verification (Max Diff: 6.67572e-06)
[PASS] Case 6: Element-wise Reference Verification (Max Diff: 6.67572e-06)
[PASS] Case 6: Element-wise Reference Verification (Max Diff: 9.53674e-07)
[PASS] Case 6: Element-wise Reference Verification (Max Diff: 9.53674e-07)
[PASS] Case 6: Element-wise Reference Verification (Max Diff: 9.53674e-07)
[PASS] Case 6: Element-wise Reference Verification (Max Diff: 6.67572e-06)
[PASS] Case 6: Element-wise Reference Verification (Max Diff: 6.67572e-06)
[PASS] Case 6: Element-wise Reference Verification (Max Diff: 6.67572e-06)
[PASS] Case 6: Element-wise Reference Verification (Max Diff: 6.67572e-06)
[PASS] Case 6: Element-wise Reference Verification (Max Diff: 6.67572e-06)
[PASS] Case 6: Element-wise Reference Verification (Max Diff: 6.67572e-06)
[PASS] Case 6: Element-wise Reference Verification (Max Diff: 9.53674e-07)
[PASS] Case 6: Element-wise Reference Verification (Max Diff: 9.53674e-07)
[PASS] Case 6: Element-wise Reference Verification (Max Diff: 9.53674e-07)
[PASS] Case 6: Element-wise Reference Verification (Max Diff: 6.67572e-06)
[PASS] Case 6: Element-wise Reference Verification (Max Diff: 6.67572e-06)
[PASS] Case 6: Element-wise Reference Verification (Max Diff: 6.67572e-06)
[PASS] Case 6: Element-wise Reference Verification (Max Diff: 6.67572e-06)
[PASS] Case 6: Element-wise Reference Verification (Max Diff: 6.67572e-06)
[PASS] Case 6: Element-wise Reference Verification (Max Diff: 6.67572e-06)
[PASS] Case 6: Element-wise Reference Verification (Max Diff: 9.53674e-07)
[PASS] Case 6: Element-wise Reference Verification (Max Diff: 9.53674e-07)
[PASS] Case 6: Element-wise Reference Verification (Max Diff: 9.53674e-07)
[PASS] Case 6: Element-wise Reference Verification (Max Diff: 6.67572e-06)
[PASS] Case 6: Element-wise Reference Verification (Max Diff: 6.67572e-06)
[PASS] Case 6: Element-wise Reference Verification (Max Diff: 6.67572e-06)
[PASS] Case 6: Element-wise Reference Verification (Max Diff: 6.67572e-06)
[PASS] Case 6: Element-wise Reference Verification (Max Diff: 6.67572e-06)
[PASS] Case 6: Element-wise Reference Verification (Max Diff: 6.67572e-06)
[PASS] Case 6: Element-wise Reference Verification (Max Diff: 9.53674e-07)
[PASS] Case 6: Element-wise Reference Verification (Max Diff: 9.53674e-07)
[PASS] Case 6: Element-wise Reference Verification (Max Diff: 9.53674e-07)
[PASS] Case 6: Element-wise Reference Verification (Max Diff: 6.67572e-06)
[PASS] Case 6: Element-wise Reference Verification (Max Diff: 6.67572e-06)
[PASS] Case 6: Element-wise Reference Verification (Max Diff: 6.67572e-06)
[PASS] Case 6: Element-wise Reference Verification (Max Diff: 6.67572e-06)
[PASS] Case 6: Element-wise Reference Verification (Max Diff: 6.67572e-06)
[PASS] Case 6: Element-wise Reference Verification (Max Diff: 6.67572e-06)
[PASS] Case 6: Element-wise Reference Verification (Max Diff: 9.53674e-07)
[PASS] Case 6: Element-wise Reference Verification (Max Diff: 9.53674e-07)
[PASS] Case 6: Element-wise Reference Verification (Max Diff: 9.53674e-07)
[PASS] Case 6: Element-wise Reference Verification (Max Diff: 6.67572e-06)
[PASS] Case 6: Element-wise Reference Verification (Max Diff: 6.67572e-06)
[PASS] Case 6: Element-wise Reference Verification (Max Diff: 6.67572e-06)
[PASS] Case 6: Element-wise Reference Verification (Max Diff: 6.67572e-06)
[PASS] Case 6: Element-wise Reference Verification (Max Diff: 6.67572e-06)
[PASS] Case 6: Element-wise Reference Verification (Max Diff: 6.67572e-06)
[PASS] Case 6: Element-wise Reference Verification (Max Diff: 9.53674e-07)
[PASS] Case 6: Element-wise Reference Verification (Max Diff: 9.53674e-07)
[PASS] Case 6: Element-wise Reference Verification (Max Diff: 9.53674e-07)
[PASS] Case 6: Element-wise Reference Verification (Max Diff: 6.67572e-06)
[PASS] Case 6: Element-wise Reference Verification (Max Diff: 6.67572e-06)
[PASS] Case 6: Element-wise Reference Verification (Max Diff: 6.67572e-06)
[PASS] Case 6: Element-wise Reference Verification (Max Diff: 6.67572e-06)
[PASS] Case 6: Element-wise Reference Verification (Max Diff: 6.67572e-06)
[PASS] Case 6: Element-wise Reference Verification (Max Diff: 6.67572e-06)
[PASS] Case 6: Element-wise Reference Verification (Max Diff: 9.53674e-07)
[PASS] Case 6: Element-wise Reference Verification (Max Diff: 9.53674e-07)
[PASS] Case 6: Element-wise Reference Verification (Max Diff: 9.53674e-07)
[PASS] Case 6: Element-wise Reference Verification (Max Diff: 6.67572e-06)
[PASS] Case 6: Element-wise Reference Verification (Max Diff: 6.67572e-06)
[PASS] Case 6: Element-wise Reference Verification (Max Diff: 6.67572e-06)
[PASS] Case 6: Element-wise Reference Verification (Max Diff: 6.67572e-06)
[PASS] Case 6: Element-wise Reference Verification (Max Diff: 6.67572e-06)
[PASS] Case 6: Element-wise Reference Verification (Max Diff: 6.67572e-06)
[PASS] Case 6: Element-wise Reference Verification (Max Diff: 9.53674e-07)
[PASS] Case 6: Element-wise Reference Verification (Max Diff: 9.53674e-07)
[PASS] Case 6: Element-wise Reference Verification (Max Diff: 9.53674e-07)
[PASS] All 27 Mc/Nc/Kc combinations for 4x4, 3x4 and 2x4 (N=130)
[PASS] Case 6: Element-wise Reference Verification (Max Diff: 1.52588e-05)
[PASS] Case 6: Element-wise Reference Verification (Max Diff: 1.52588e-05)
[PASS] Case 6: Element-wise Reference Verification (Max Diff: 1.52588e-05)
[PASS] Case 6: Element-wise Reference Verification (Max Diff: 1.43051e-05)

All test cases PASSED! Ready for benchmark.
<end of output>
Test time =   0.11 sec
----------------------------------------------------------
Test Passed.
"GemmCorrectnessTest" end time: Sep 18 02:19 中国标准时间
"GemmCorrectnessTest" time elapsed: 00:00:00
----------------------------------------------------------

End testing: Sep 18 02:19 中国标准时间
